<?xml version="1.0" encoding="UTF-8"?>
<testsuite xmlns:xsi="http://www.w3.org/2001/XMLSchema-instance" xsi:noNamespaceSchemaLocation="https://maven.apache.org/surefire/maven-surefire-plugin/xsd/surefire-test-report-3.0.xsd" version="3.0" name="runner.Runner" time="36.986" tests="2" errors="0" skipped="0" failures="0">
  <properties>
[...]
</properties>
  <testcase name="Verify Customer Contact Number Modification functionality" classname="Customer Contact Number Modification functionality" time="28.279">
    <system-out><![CDATA[
@smoke
Scenario: Verify Customer Contact Number Modification functionality &amp#27;[90m# src/test/resources/features/Customer_Contact_Number_Modification_Functionality.feature:4&amp#27;[0m
  &amp#27;[32mGiven &amp#27;[0m&amp#27;[32mI am in landing page http://it.microtechlimited.com&amp#27;[0m         &amp#27;[90m# step_definitions.Customer_Contact_Number_Modification_Functionality.i_am_in_landing_page_http_it_microtechlimited_com()&amp#27;[0m
  &amp#27;[32mWhen &amp#27;[0m&amp#27;[32mI Click on Login menu&amp#27;[0m                                        &amp#27;[90m# step_definitions.Customer_Contact_Number_Modification_Functionality.i_click_on_login_menu()&amp#27;[0m
  &amp#27;[32mAnd &amp#27;[0m&amp#27;[32mClick on Customer Login&amp#27;[0m                                       &amp#27;[90m# step_definitions.Customer_Contact_Number_Modification_Functionality.click_on_customer_login()&amp#27;[0m
  &amp#27;[32mThen &amp#27;[0m&amp#27;[32mEnter User Id as david@gmail.com&amp#27;[0m                             &amp#27;[90m# step_definitions.Customer_Contact_Number_Modification_Functionality.enter_user_id_as_david_gmail_com()&amp#27;[0m
  &amp#27;[32mAnd &amp#27;[0m&amp#27;[32mI Enter Password as &amp#27;[0m&amp#27;[32m&amp#27;[1m1234&amp#27;[0m                                      &amp#27;[90m# step_definitions.Customer_Contact_Number_Modification_Functionality.i_enter_password_as(java.lang.Integer)&amp#27;[0m
  &amp#27;[32mAnd &amp#27;[0m&amp#27;[32mI Click on Login Button&amp#27;[0m                                       &amp#27;[90m# step_definitions.Customer_Contact_Number_Modification_Functionality.i_click_on_login_button()&amp#27;[0m
  &amp#27;[32mThen &amp#27;[0m&amp#27;[32mVerify that I am in Home Page&amp#27;[0m                                &amp#27;[90m# step_definitions.Customer_Contact_Number_Modification_Functionality.verify_that_i_am_in_home_page()&amp#27;[0m
  &amp#27;[32mAnd &amp#27;[0m&amp#27;[32mI Click on Profile Menu&amp#27;[0m                                       &amp#27;[90m# step_definitions.Customer_Contact_Number_Modification_Functionality.i_click_on_profile_menu()&amp#27;[0m
  &amp#27;[32mAnd &amp#27;[0m&amp#27;[32mI Click on Update Info&amp#27;[0m                                        &amp#27;[90m# step_definitions.Customer_Contact_Number_Modification_Functionality.i_click_on_update_info()&amp#27;[0m
  &amp#27;[32mAnd &amp#27;[0m&amp#27;[32mI Replace the Contact Number to &amp#27;[0m&amp#27;[32m&amp#27;[1m44555&amp#27;[0m                         &amp#27;[90m# step_definitions.Customer_Contact_Number_Modification_Functionality.i_replace_the_contact_number_to(java.lang.Integer)&amp#27;[0m
  &amp#27;[32mAnd &amp#27;[0m&amp#27;[32mI Click Submit button&amp#27;[0m                                         &amp#27;[90m# step_definitions.Customer_Contact_Number_Modification_Functionality.i_click_submit_button()&amp#27;[0m
  &amp#27;[32mThen &amp#27;[0m&amp#27;[32mVerify Contact Number is changed to &amp#27;[0m&amp#27;[32m&amp#27;[1m44555&amp#27;[0m                    &amp#27;[90m# step_definitions.Customer_Contact_Number_Modification_Functionality.verify_contact_number_is_changed_to(java.lang.Integer)&amp#27;[0m
after run
]]></system-out>
    <system-err><![CDATA[Jul. 05, 2023 1:54:40 A.M. org.openqa.selenium.remote.tracing.opentelemetry.OpenTelemetryTracer createTracer
INFO: Using OpenTelemetry for tracing
SLF4J: No SLF4J providers were found.
SLF4J: Defaulting to no-operation (NOP) logger implementation
SLF4J: See https://www.slf4j.org/codes.html#noProviders for further details.
Jul. 05, 2023 1:54:49 A.M. org.openqa.selenium.remote.ProtocolHandshake createSession
INFO: Detected dialect: W3C
]]></system-err>
  </testcase>
  <testcase name="Verify Employee Login Functionality" classname="Employee Login Functionality" time="7.231">
    <system-out><![CDATA[
@smoke
Scenario: Verify Employee Login Functionality &amp#27;[90m# src/test/resources/features/Login_Functionality.feature:4&amp#27;[0m
  &amp#27;[32mGiven &amp#27;[0m&amp#27;[32mI am in landing page&amp#27;[0m                  &amp#27;[90m# step_definitions.Employee_Login_Functionality.i_am_in_landing_page()&amp#27;[0m
  &amp#27;[32mWhen &amp#27;[0m&amp#27;[32mI click on Login menu&amp#27;[0m                  &amp#27;[90m# step_definitions.Employee_Login_Functionality.i_click_on_login_menu()&amp#27;[0m
  &amp#27;[32mThen &amp#27;[0m&amp#27;[32mClick on Employee Login Menu&amp#27;[0m           &amp#27;[90m# step_definitions.Employee_Login_Functionality.click_on_employee_login_menu()&amp#27;[0m
  &amp#27;[32mThen &amp#27;[0m&amp#27;[32mEnter User Id as testpilot@gmail.com&amp#27;[0m   &amp#27;[90m# step_definitions.Employee_Login_Functionality.enter_user_id_as_testpilot_gmail_com()&amp#27;[0m
  &amp#27;[32mAnd &amp#27;[0m&amp#27;[32mEnter Password as &amp#27;[0m&amp#27;[32m&amp#27;[1m1234&amp#27;[0m                  &amp#27;[90m# step_definitions.Employee_Login_Functionality.enter_password_as(java.lang.Integer)&amp#27;[0m
  &amp#27;[32mAnd &amp#27;[0m&amp#27;[32mI click on Login Button&amp#27;[0m                 &amp#27;[90m# step_definitions.Employee_Login_Functionality.i_click_on_login_button()&amp#27;[0m
  &amp#27;[32mThen &amp#27;[0m&amp#27;[32mVerify I am in my Home Page&amp#27;[0m            &amp#27;[90m# step_definitions.Employee_Login_Functionality.verify_i_am_in_my_home_page()&amp#27;[0m
after run
]]></system-out>
    <system-err><![CDATA[Jul. 05, 2023 1:55:09 A.M. org.openqa.selenium.remote.ProtocolHandshake createSession
INFO: Detected dialect: W3C
]]></system-err>
  </testcase>
</testsuite>